<?xml version="1.0" encoding="UTF-8"?>
<robot generator="Robot 5.0.1 (Python 3.7.3 on win32)" generated="20220725 09:43:34.955" rpa="false" schemaversion="3">
<suite id="s1" name="Keyword Driven" source="D:\xuqiufu\codes\code\Github\keyword_driven.robot">
<test id="s1-t1" name="Push button" line="16">
<kw name="Push Button" library="CalculatorLibrary">
<arg>1</arg>
<doc>Pushes the specified ``button``.</doc>
<status status="PASS" starttime="20220725 09:43:34.974" endtime="20220725 09:43:34.975"/>
</kw>
<kw name="Result Should Be" library="CalculatorLibrary">
<arg>1</arg>
<doc>Verifies that the current result is ``expected``.</doc>
<status status="PASS" starttime="20220725 09:43:34.975" endtime="20220725 09:43:34.975"/>
</kw>
<status status="PASS" starttime="20220725 09:43:34.974" endtime="20220725 09:43:34.975"/>
</test>
<test id="s1-t2" name="Push multiple buttons" line="20">
<kw name="Push Button" library="CalculatorLibrary">
<arg>1</arg>
<doc>Pushes the specified ``button``.</doc>
<status status="PASS" starttime="20220725 09:43:34.976" endtime="20220725 09:43:34.976"/>
</kw>
<kw name="Push Button" library="CalculatorLibrary">
<arg>2</arg>
<doc>Pushes the specified ``button``.</doc>
<status status="PASS" starttime="20220725 09:43:34.976" endtime="20220725 09:43:34.976"/>
</kw>
<kw name="Result Should Be" library="CalculatorLibrary">
<arg>12</arg>
<doc>Verifies that the current result is ``expected``.</doc>
<status status="PASS" starttime="20220725 09:43:34.976" endtime="20220725 09:43:34.976"/>
</kw>
<status status="PASS" starttime="20220725 09:43:34.975" endtime="20220725 09:43:34.976"/>
</test>
<test id="s1-t3" name="Simple calculation" line="25">
<kw name="Push Button" library="CalculatorLibrary">
<arg>1</arg>
<doc>Pushes the specified ``button``.</doc>
<status status="PASS" starttime="20220725 09:43:34.977" endtime="20220725 09:43:34.977"/>
</kw>
<kw name="Push Button" library="CalculatorLibrary">
<arg>+</arg>
<doc>Pushes the specified ``button``.</doc>
<status status="PASS" starttime="20220725 09:43:34.977" endtime="20220725 09:43:34.977"/>
</kw>
<kw name="Push Button" library="CalculatorLibrary">
<arg>2</arg>
<doc>Pushes the specified ``button``.</doc>
<status status="PASS" starttime="20220725 09:43:34.977" endtime="20220725 09:43:34.977"/>
</kw>
<kw name="Push Button" library="CalculatorLibrary">
<arg>=</arg>
<doc>Pushes the specified ``button``.</doc>
<status status="PASS" starttime="20220725 09:43:34.978" endtime="20220725 09:43:34.978"/>
</kw>
<kw name="Result Should Be" library="CalculatorLibrary">
<arg>3</arg>
<doc>Verifies that the current result is ``expected``.</doc>
<status status="PASS" starttime="20220725 09:43:34.978" endtime="20220725 09:43:34.978"/>
</kw>
<status status="PASS" starttime="20220725 09:43:34.977" endtime="20220725 09:43:34.978"/>
</test>
<test id="s1-t4" name="Longer calculation" line="32">
<kw name="Push Buttons" library="CalculatorLibrary">
<arg>5 + 4 - 3 * 2 / 1 =</arg>
<doc>Pushes the specified ``buttons``.</doc>
<status status="PASS" starttime="20220725 09:43:34.979" endtime="20220725 09:43:34.979"/>
</kw>
<kw name="Result Should Be" library="CalculatorLibrary">
<arg>3</arg>
<doc>Verifies that the current result is ``expected``.</doc>
<status status="PASS" starttime="20220725 09:43:34.979" endtime="20220725 09:43:34.980"/>
</kw>
<status status="PASS" starttime="20220725 09:43:34.978" endtime="20220725 09:43:34.980"/>
</test>
<test id="s1-t5" name="Clear" line="36">
<kw name="Push Button" library="CalculatorLibrary">
<arg>1</arg>
<doc>Pushes the specified ``button``.</doc>
<status status="PASS" starttime="20220725 09:43:34.980" endtime="20220725 09:43:34.980"/>
</kw>
<kw name="Push Button" library="CalculatorLibrary">
<arg>C</arg>
<doc>Pushes the specified ``button``.</doc>
<status status="PASS" starttime="20220725 09:43:34.981" endtime="20220725 09:43:34.981"/>
</kw>
<kw name="Result Should Be" library="CalculatorLibrary">
<arg>${EMPTY}</arg>
<doc>Verifies that the current result is ``expected``.</doc>
<status status="PASS" starttime="20220725 09:43:34.981" endtime="20220725 09:43:34.981"/>
</kw>
<status status="PASS" starttime="20220725 09:43:34.980" endtime="20220725 09:43:34.981"/>
</test>
<doc>Example test cases using the keyword-driven testing approach.

All tests contain a workflow constructed from keywords in
``CalculatorLibrary.py``. Creating new tests or editing
existing is easy even for people without programming skills.

The _keyword-driven_ appoach works well for normal test
automation, but the _gherkin_ style might be even better
if also business people need to understand tests. If the
same workflow needs to repeated multiple times, it is best
to use to the _data-driven_ approach.</doc>
<status status="PASS" starttime="20220725 09:43:34.956" endtime="20220725 09:43:34.982"/>
</suite>
<statistics>
<total>
<stat pass="5" fail="0" skip="0">All Tests</stat>
</total>
<tag>
</tag>
<suite>
<stat pass="5" fail="0" skip="0" id="s1" name="Keyword Driven">Keyword Driven</stat>
</suite>
</statistics>
<errors>
</errors>
</robot>
