<?xml version="1.0" encoding="UTF-8"?>
<robot generator="Robot 5.0.1 (Python 3.7.3 on win32)" generated="20220729 14:34:59.107" rpa="false" schemaversion="3">
<suite id="s1" name="Keyword Driven" source="D:\xuqiufu\codes\code\Github\keyword_driven.robot">
<test id="s1-t1" name="Push button" line="16">
<kw name="Push Button" library="CalculatorLibrary">
<arg>1</arg>
<doc>Pushes the specified ``button``.</doc>
<status status="PASS" starttime="20220729 14:34:59.128" endtime="20220729 14:34:59.128"/>
</kw>
<kw name="Result Should Be" library="CalculatorLibrary">
<arg>1</arg>
<doc>Verifies that the current result is ``expected``.</doc>
<status status="PASS" starttime="20220729 14:34:59.128" endtime="20220729 14:34:59.128"/>
</kw>
<status status="PASS" starttime="20220729 14:34:59.127" endtime="20220729 14:34:59.129"/>
</test>
<test id="s1-t2" name="Push multiple buttons" line="20">
<kw name="Push Button" library="CalculatorLibrary">
<arg>1</arg>
<doc>Pushes the specified ``button``.</doc>
<status status="PASS" starttime="20220729 14:34:59.130" endtime="20220729 14:34:59.130"/>
</kw>
<kw name="Push Button" library="CalculatorLibrary">
<arg>2</arg>
<doc>Pushes the specified ``button``.</doc>
<status status="PASS" starttime="20220729 14:34:59.130" endtime="20220729 14:34:59.130"/>
</kw>
<kw name="Result Should Be" library="CalculatorLibrary">
<arg>12</arg>
<doc>Verifies that the current result is ``expected``.</doc>
<status status="PASS" starttime="20220729 14:34:59.130" endtime="20220729 14:34:59.131"/>
</kw>
<status status="PASS" starttime="20220729 14:34:59.130" endtime="20220729 14:34:59.131"/>
</test>
<test id="s1-t3" name="Simple calculation" line="25">
<kw name="Push Button" library="CalculatorLibrary">
<arg>1</arg>
<doc>Pushes the specified ``button``.</doc>
<status status="PASS" starttime="20220729 14:34:59.132" endtime="20220729 14:34:59.132"/>
</kw>
<kw name="Push Button" library="CalculatorLibrary">
<arg>+</arg>
<doc>Pushes the specified ``button``.</doc>
<status status="PASS" starttime="20220729 14:34:59.132" endtime="20220729 14:34:59.132"/>
</kw>
<kw name="Push Button" library="CalculatorLibrary">
<arg>2</arg>
<doc>Pushes the specified ``button``.</doc>
<status status="PASS" starttime="20220729 14:34:59.132" endtime="20220729 14:34:59.132"/>
</kw>
<kw name="Push Button" library="CalculatorLibrary">
<arg>=</arg>
<doc>Pushes the specified ``button``.</doc>
<status status="PASS" starttime="20220729 14:34:59.133" endtime="20220729 14:34:59.133"/>
</kw>
<kw name="Result Should Be" library="CalculatorLibrary">
<arg>3</arg>
<doc>Verifies that the current result is ``expected``.</doc>
<status status="PASS" starttime="20220729 14:34:59.133" endtime="20220729 14:34:59.133"/>
</kw>
<status status="PASS" starttime="20220729 14:34:59.131" endtime="20220729 14:34:59.133"/>
</test>
<test id="s1-t4" name="Longer calculation" line="32">
<kw name="Push Buttons" library="CalculatorLibrary">
<arg>5 + 4 - 3 * 2 / 1 =</arg>
<doc>Pushes the specified ``buttons``.</doc>
<status status="PASS" starttime="20220729 14:34:59.134" endtime="20220729 14:34:59.135"/>
</kw>
<kw name="Result Should Be" library="CalculatorLibrary">
<arg>3</arg>
<doc>Verifies that the current result is ``expected``.</doc>
<status status="PASS" starttime="20220729 14:34:59.135" endtime="20220729 14:34:59.135"/>
</kw>
<status status="PASS" starttime="20220729 14:34:59.134" endtime="20220729 14:34:59.135"/>
</test>
<test id="s1-t5" name="Clear" line="36">
<kw name="Push Button" library="CalculatorLibrary">
<arg>1</arg>
<doc>Pushes the specified ``button``.</doc>
<status status="PASS" starttime="20220729 14:34:59.136" endtime="20220729 14:34:59.136"/>
</kw>
<kw name="Push Button" library="CalculatorLibrary">
<arg>C</arg>
<doc>Pushes the specified ``button``.</doc>
<status status="PASS" starttime="20220729 14:34:59.136" endtime="20220729 14:34:59.136"/>
</kw>
<kw name="Result Should Be" library="CalculatorLibrary">
<arg>${EMPTY}</arg>
<doc>Verifies that the current result is ``expected``.</doc>
<status status="PASS" starttime="20220729 14:34:59.136" endtime="20220729 14:34:59.137"/>
</kw>
<status status="PASS" starttime="20220729 14:34:59.136" endtime="20220729 14:34:59.137"/>
</test>
<doc>Example test cases using the keyword-driven testing approach.

All tests contain a workflow constructed from keywords in
``CalculatorLibrary.py``. Creating new tests or editing
existing is easy even for people without programming skills.

The _keyword-driven_ appoach works well for normal test
automation, but the _gherkin_ style might be even better
if also business people need to understand tests. If the
same workflow needs to repeated multiple times, it is best
to use to the _data-driven_ approach.</doc>
<status status="PASS" starttime="20220729 14:34:59.109" endtime="20220729 14:34:59.137"/>
</suite>
<statistics>
<total>
<stat pass="5" fail="0" skip="0">All Tests</stat>
</total>
<tag>
</tag>
<suite>
<stat pass="5" fail="0" skip="0" id="s1" name="Keyword Driven">Keyword Driven</stat>
</suite>
</statistics>
<errors>
</errors>
</robot>
